#
# There is insufficient memory for the Java Runtime Environment to continue.
# Native memory allocation (malloc) failed to allocate 1174736 bytes for Chunk::new
# Possible reasons:
#   The system is out of physical RAM or swap space
#   In 32 bit mode, the process size limit was hit
# Possible solutions:
#   Reduce memory load on the system
#   Increase physical memory or swap space
#   Check if swap backing store is full
#   Use 64 bit Java on a 64 bit OS
#   Decrease Java heap size (-Xmx/-Xms)
#   Decrease number of Java threads
#   Decrease Java thread stack sizes (-Xss)
#   Set larger code cache with -XX:ReservedCodeCacheSize=
# This output file may be truncated or incomplete.
#
#  Out of Memory Error (allocation.cpp:390), pid=4128, tid=7976
#
# JRE version: Java(TM) SE Runtime Environment (8.0_77-b03) (build 1.8.0_77-b03)
# Java VM: Java HotSpot(TM) 64-Bit Server VM (25.77-b03 mixed mode windows-amd64 compressed oops)
# Failed to write core dump. Minidumps are not enabled by default on client versions of Windows
#

---------------  T H R E A D  ---------------

Current thread (0x0000000053507000):  JavaThread "C2 CompilerThread0" daemon [_thread_in_native, id=7976, stack(0x00000000549a0000,0x0000000054aa0000)]

Stack: [0x00000000549a0000,0x0000000054aa0000]
[error occurred during error reporting (printing stack bounds), id 0xc0000005]

Native frames: (J=compiled Java code, j=interpreted, Vv=VM code, C=native code)


Current CompileTask:
C2:   3611  742   !   4       org.apache.xerces.parsers.AbstractSAXParser::startElement (318 bytes)


---------------  P R O C E S S  ---------------

Java Threads: ( => current thread )
  0x0000000055054800 JavaThread "Service Thread" daemon [_thread_blocked, id=5936, stack(0x0000000055740000,0x0000000055840000)]
  0x0000000054ff0800 JavaThread "C1 CompilerThread2" daemon [_thread_in_native, id=4392, stack(0x00000000554b0000,0x00000000555b0000)]
  0x000000005350f000 JavaThread "C2 CompilerThread1" daemon [_thread_in_native, id=6284, stack(0x0000000054ef0000,0x0000000054ff0000)]
=>0x0000000053507000 JavaThread "C2 CompilerThread0" daemon [_thread_in_native, id=7976, stack(0x00000000549a0000,0x0000000054aa0000)]
  0x0000000053505800 JavaThread "Attach Listener" daemon [_thread_blocked, id=6304, stack(0x0000000054cd0000,0x0000000054dd0000)]
  0x0000000053501000 JavaThread "Signal Dispatcher" daemon [_thread_blocked, id=4652, stack(0x0000000054ad0000,0x0000000054bd0000)]
  0x00000000534ea000 JavaThread "Finalizer" daemon [_thread_blocked, id=4352, stack(0x0000000054880000,0x0000000054980000)]
  0x00000000534a3000 JavaThread "Reference Handler" daemon [_thread_blocked, id=5700, stack(0x0000000054700000,0x0000000054800000)]
  0x0000000001dff000 JavaThread "main" [_thread_in_vm, id=6808, stack(0x0000000002010000,0x0000000002110000)]

Other Threads:
  0x000000005349b800 VMThread [stack: 0x0000000054450000,0x0000000054550000] [id=5232]
  0x00000000550a7800 WatcherThread [stack: 0x0000000055880000,0x0000000055980000] [id=8832]

VM state:not at safepoint (normal execution)

VM Mutex/Monitor currently owned by a thread: None

Heap:
 PSYoungGen      total 17920K, used 15123K [0x00000000f8000000, 0x00000000fa300000, 0x0000000100000000)
  eden space 15360K, 81% used [0x00000000f8000000,0x00000000f8c4c5b0,0x00000000f8f00000)
  from space 2560K, 98% used [0x00000000f9180000,0x00000000f93f8990,0x00000000f9400000)
  to   space 2560K, 0% used [0x00000000f8f00000,0x00000000f8f00000,0x00000000f9180000)
 ParOldGen       total 40960K, used 4980K [0x00000000e8000000, 0x00000000ea800000, 0x00000000f8000000)
  object space 40960K, 12% used [0x00000000e8000000,0x00000000e84dd2c0,0x00000000ea800000)
 Metaspace       used 8789K, capacity 9240K, committed 9472K, reserved 1058816K
  class space    used 966K, capacity 1012K, committed 1024K, reserved 1048576K

Card table byte_map: [0x0000000001d00000,0x0000000001dd0000] byte_map_base: 0x00000000015c0000

Marking Bits: (ParMarkBitMap*) 0x0000000068500600
 Begin Bits: [0x0000000011f10000, 0x0000000012510000)
 End Bits:   [0x0000000012510000, 0x0000000012b10000)

Polling page: 0x0000000000110000

CodeCache: size=245760Kb used=3152Kb max_used=3152Kb free=242607Kb
 bounds [0x0000000002470000, 0x0000000002790000, 0x0000000011470000]
 total_blobs=1093 nmethods=793 adapters=213
 compilation: enabled

Compilation events (10 events):
Event: 3.600 Thread 0x0000000054ff0800 nmethod 811 0x0000000002784c10 code [0x0000000002784d60, 0x0000000002784ef0]
Event: 3.600 Thread 0x0000000054ff0800  813       2       sun.util.calendar.ZoneInfo::getOffsets (8 bytes)
Event: 3.600 Thread 0x0000000054ff0800 nmethod 813 0x0000000002784fd0 code [0x0000000002785140, 0x00000000027852a8]
Event: 3.601 Thread 0x0000000054ff0800  810       2       sun.util.locale.LocaleUtils::isAlphaNumeric (20 bytes)
Event: 3.601 Thread 0x0000000054ff0800 nmethod 810 0x0000000002785350 code [0x00000000027854a0, 0x0000000002785670]
Event: 3.601 Thread 0x0000000054ff0800  812       1       sun.util.calendar.BaseCalendar$Date::getCachedYear (5 bytes)
Event: 3.601 Thread 0x0000000054ff0800 nmethod 812 0x00000000027856d0 code [0x0000000002785820, 0x0000000002785930]
Event: 3.602 Thread 0x0000000054ff0800  814       1       sun.util.calendar.CalendarDate::getHours (5 bytes)
Event: 3.602 Thread 0x0000000054ff0800 nmethod 814 0x0000000002785990 code [0x0000000002785ae0, 0x0000000002785bf0]
Event: 3.602 Thread 0x0000000054ff0800  815       1       sun.util.calendar.CalendarDate::getMinutes (5 bytes)

GC Heap History (4 events):
Event: 2.111 GC heap before
{Heap before GC invocations=1 (full 0):
 PSYoungGen      total 17920K, used 15360K [0x00000000f8000000, 0x00000000f9400000, 0x0000000100000000)
  eden space 15360K, 100% used [0x00000000f8000000,0x00000000f8f00000,0x00000000f8f00000)
  from space 2560K, 0% used [0x00000000f9180000,0x00000000f9180000,0x00000000f9400000)
  to   space 2560K, 0% used [0x00000000f8f00000,0x00000000f8f00000,0x00000000f9180000)
 ParOldGen       total 40960K, used 0K [0x00000000e8000000, 0x00000000ea800000, 0x00000000f8000000)
  object space 40960K, 0% used [0x00000000e8000000,0x00000000e8000000,0x00000000ea800000)
 Metaspace       used 6006K, capacity 6906K, committed 7168K, reserved 1056768K
  class space    used 731K, capacity 753K, committed 768K, reserved 1048576K
Event: 2.129 GC heap after
Heap after GC invocations=1 (full 0):
 PSYoungGen      total 17920K, used 2553K [0x00000000f8000000, 0x00000000f9400000, 0x0000000100000000)
  eden space 15360K, 0% used [0x00000000f8000000,0x00000000f8000000,0x00000000f8f00000)
  from space 2560K, 99% used [0x00000000f8f00000,0x00000000f917e6e0,0x00000000f9180000)
  to   space 2560K, 0% used [0x00000000f9180000,0x00000000f9180000,0x00000000f9400000)
 ParOldGen       total 40960K, used 1069K [0x00000000e8000000, 0x00000000ea800000, 0x00000000f8000000)
  object space 40960K, 2% used [0x00000000e8000000,0x00000000e810b738,0x00000000ea800000)
 Metaspace       used 6006K, capacity 6906K, committed 7168K, reserved 1056768K
  class space    used 731K, capacity 753K, committed 768K, reserved 1048576K
}
Event: 3.107 GC heap before
{Heap before GC invocations=2 (full 0):
 PSYoungGen      total 17920K, used 17831K [0x00000000f8000000, 0x00000000f9400000, 0x0000000100000000)
  eden space 15360K, 99% used [0x00000000f8000000,0x00000000f8eeb540,0x00000000f8f00000)
  from space 2560K, 99% used [0x00000000f8f00000,0x00000000f917e6e0,0x00000000f9180000)
  to   space 2560K, 0% used [0x00000000f9180000,0x00000000f9180000,0x00000000f9400000)
 ParOldGen       total 40960K, used 1069K [0x00000000e8000000, 0x00000000ea800000, 0x00000000f8000000)
  object space 40960K, 2% used [0x00000000e8000000,0x00000000e810b738,0x00000000ea800000)
 Metaspace       used 8724K, capacity 9158K, committed 9216K, reserved 1056768K
  class space    used 964K, capacity 1009K, committed 1024K, reserved 1048576K
Event: 3.163 GC heap after
Heap after GC invocations=2 (full 0):
 PSYoungGen      total 17920K, used 2530K [0x00000000f8000000, 0x00000000fa300000, 0x0000000100000000)
  eden space 15360K, 0% used [0x00000000f8000000,0x00000000f8000000,0x00000000f8f00000)
  from space 2560K, 98% used [0x00000000f9180000,0x00000000f93f8990,0x00000000f9400000)
  to   space 2560K, 0% used [0x00000000f8f00000,0x00000000f8f00000,0x00000000f9180000)
 ParOldGen       total 40960K, used 4980K [0x00000000e8000000, 0x00000000ea800000, 0x00000000f8000000)
  object space 40960K, 12% used [0x00000000e8000000,0x00000000e84dd2c0,0x00000000ea800000)
 Metaspace       used 8724K, capacity 9158K, committed 9216K, reserved 1056768K
  class space    used 964K, capacity 1009K, committed 1024K, reserved 1048576K
}

Deoptimization events (7 events):
Event: 1.163 Thread 0x0000000001dff000 Uncommon trap: reason=unstable_if action=reinterpret pc=0x00000000025dfd40 method=java.lang.String.startsWith(Ljava/lang/String;I)Z @ 25
Event: 1.760 Thread 0x0000000001dff000 Uncommon trap: reason=unstable_if action=reinterpret pc=0x0000000002642844 method=sun.misc.MetaIndex.mayContain(Ljava/lang/String;)Z @ 38
Event: 1.772 Thread 0x0000000001dff000 Uncommon trap: reason=unstable_if action=reinterpret pc=0x000000000264b324 method=java.lang.String.indexOf([CII[CIII)I @ 3
Event: 2.898 Thread 0x0000000001dff000 Uncommon trap: reason=unstable_if action=reinterpret pc=0x00000000026b553c method=org.apache.xerces.impl.XMLEntityScanner.scanLiteral(ILorg/apache/xerces/xni/XMLString;)I @ 43
Event: 3.038 Thread 0x0000000001dff000 Uncommon trap: reason=class_check action=maybe_recompile pc=0x00000000026fb2f0 method=java.util.HashMap.putVal(ILjava/lang/Object;Ljava/lang/Object;ZZ)Ljava/lang/Object; @ 152
Event: 3.584 Thread 0x0000000001dff000 Uncommon trap: reason=class_check action=maybe_recompile pc=0x00000000026fb2f0 method=java.util.HashMap.putVal(ILjava/lang/Object;Ljava/lang/Object;ZZ)Ljava/lang/Object; @ 152
Event: 3.584 Thread 0x0000000001dff000 Uncommon trap: reason=class_check action=maybe_recompile pc=0x00000000026f63e4 method=java.util.HashMap.putVal(ILjava/lang/Object;Ljava/lang/Object;ZZ)Ljava/lang/Object; @ 152

Internal exceptions (9 events):
Event: 0.284 Thread 0x0000000001dff000 Exception <a 'java/lang/NoSuchMethodError': Method sun.misc.Unsafe.defineClass(Ljava/lang/String;[BII)Ljava/lang/Class; name or signature does not match> (0x00000000f8007cc0) thrown at [D:\re\workspace\8-2-build-windows-amd64-cygwin\jdk8u77\6540\hotspot\sr-¤´ã-7Ò?
Event: 0.285 Thread 0x0000000001dff000 Exception <a 'java/lang/NoSuchMethodError': Method sun.misc.Unsafe.prefetchRead(Ljava/lang/Object;J)V name or signature does not match> (0x00000000f8007fa8) thrown at [D:\re\workspace\8-2-build-windows-amd64-cygwin\jdk8u77\6540\hotspot\src\share\vm\prims\jZºàH—é?
Event: 0.800 Thread 0x0000000001dff000 Exception <a 'java/security/PrivilegedActionException'> (0x00000000f8294ed0) thrown at [D:\re\workspace\8-2-build-windows-amd64-cygwin\jdk8u77\6540\hotspot\src\share\vm\prims\jvm.cpp, line 1386]
Event: 0.800 Thread 0x0000000001dff000 Exception <a 'java/security/PrivilegedActionException'> (0x00000000f82950e0) thrown at [D:\re\workspace\8-2-build-windows-amd64-cygwin\jdk8u77\6540\hotspot\src\share\vm\prims\jvm.cpp, line 1386]
Event: 0.802 Thread 0x0000000001dff000 Exception <a 'java/security/PrivilegedActionException'> (0x00000000f8298c88) thrown at [D:\re\workspace\8-2-build-windows-amd64-cygwin\jdk8u77\6540\hotspot\src\share\vm\prims\jvm.cpp, line 1386]
Event: 0.802 Thread 0x0000000001dff000 Exception <a 'java/security/PrivilegedActionException'> (0x00000000f8298e98) thrown at [D:\re\workspace\8-2-build-windows-amd64-cygwin\jdk8u77\6540\hotspot\src\share\vm\prims\jvm.cpp, line 1386]
Event: 0.931 Thread 0x0000000001dff000 Exception <a 'java/security/PrivilegedActionException'> (0x00000000f8327c40) thrown at [D:\re\workspace\8-2-build-windows-amd64-cygwin\jdk8u77\6540\hotspot\src\share\vm\prims\jvm.cpp, line 1386]
Event: 0.932 Thread 0x0000000001dff000 Exception <a 'java/security/PrivilegedActionException'> (0x00000000f8328038) thrown at [D:\re\workspace\8-2-build-windows-amd64-cygwin\jdk8u77\6540\hotspot\src\share\vm\prims\jvm.cpp, line 1386]
Event: 1.760 Thread 0x0000000001dff000 Exception <a 'java/lang/ClassNotFoundException': sun/net/www/protocol/c/Handler> (0x00000000f8c0c270) thrown at [D:\re\workspace\8-2-build-windows-amd64-cygwin\jdk8u77\6540\hotspot\src\share\vm\classfile\systemDictionary.cpp, line 210]

Events (10 events):
Event: 3.107 Executing VM operation: ParallelGCFailedAllocation
Event: 3.163 Executing VM operation: ParallelGCFailedAllocation done
Event: 3.523 loading class sun/reflect/BootstrapConstructorAccessorImpl
Event: 3.523 loading class sun/reflect/BootstrapConstructorAccessorImpl done
Event: 3.584 Thread 0x0000000001dff000 Uncommon trap: trap_request=0xffffffde fr.pc=0x00000000026fb2f0
Event: 3.584 Thread 0x0000000001dff000 DEOPT PACKING pc=0x00000000026fb2f0 sp=0x000000000210f3c0
Event: 3.584 Thread 0x0000000001dff000 DEOPT UNPACKING pc=0x00000000024b582a sp=0x000000000210f2d8 mode 2
Event: 3.584 Thread 0x0000000001dff000 Uncommon trap: trap_request=0xffffffde fr.pc=0x00000000026f63e4
Event: 3.584 Thread 0x0000000001dff000 DEOPT PACKING pc=0x00000000026f63e4 sp=0x000000000210f370
Event: 3.584 Thread 0x0000000001dff000 DEOPT UNPACKING pc=0x00000000024b582a sp=0x000000000210f2f8 mode 2


Dynamic libraries:
0x000000013f8e0000 - 0x000000013f917000 	C:\ProgramData\Oracle\Java\javapath\java.exe
0x00000000774b0000 - 0x000000007765a000 	C:\Windows\SYSTEM32\ntdll.dll
0x0000000077290000 - 0x00000000773af000 	C:\Windows\system32\kernel32.dll
0x000007fefd1d0000 - 0x000007fefd23a000 	C:\Windows\system32\KERNELBASE.dll
0x000007fefef60000 - 0x000007feff03b000 	C:\Windows\system32\ADVAPI32.dll
0x000007fefea10000 - 0x000007fefeaaf000 	C:\Windows\system32\msvcrt.dll
0x000007feff4e0000 - 0x000007feff4ff000 	C:\Windows\SYSTEM32\sechost.dll
0x000007fefd560000 - 0x000007fefd68d000 	C:\Windows\system32\RPCRT4.dll
0x00000000773b0000 - 0x00000000774aa000 	C:\Windows\system32\USER32.dll
0x000007feff3f0000 - 0x000007feff457000 	C:\Windows\system32\GDI32.dll
0x000007fefdc10000 - 0x000007fefdc1e000 	C:\Windows\system32\LPK.dll
0x000007fefd690000 - 0x000007fefd75b000 	C:\Windows\system32\USP10.dll
0x000007fefb660000 - 0x000007fefb854000 	C:\Windows\WinSxS\amd64_microsoft.windows.common-controls_6595b64144ccf1df_6.0.7601.18837_none_fa3b1e3d17594757\COMCTL32.dll
0x000007feff460000 - 0x000007feff4d1000 	C:\Windows\system32\SHLWAPI.dll
0x000007feff500000 - 0x000007feff52e000 	C:\Windows\system32\IMM32.DLL
0x000007fefdae0000 - 0x000007fefdbe9000 	C:\Windows\system32\MSCTF.dll
0x00000000687b0000 - 0x0000000068882000 	C:\Program Files\Java\jre1.8.0_77\bin\msvcr100.dll
0x0000000067cf0000 - 0x0000000068580000 	C:\Program Files\Java\jre1.8.0_77\bin\server\jvm.dll
0x000007fefb4d0000 - 0x000007fefb4d9000 	C:\Windows\system32\WSOCK32.dll
0x000007fefef10000 - 0x000007fefef5d000 	C:\Windows\system32\WS2_32.dll
0x000007feff5d0000 - 0x000007feff5d8000 	C:\Windows\system32\NSI.dll
0x000007fef9000000 - 0x000007fef903b000 	C:\Windows\system32\WINMM.dll
0x000007fefc280000 - 0x000007fefc28c000 	C:\Windows\system32\VERSION.dll
0x0000000077680000 - 0x0000000077687000 	C:\Windows\system32\PSAPI.DLL
0x00000000687a0000 - 0x00000000687af000 	C:\Program Files\Java\jre1.8.0_77\bin\verify.dll
0x0000000068770000 - 0x0000000068799000 	C:\Program Files\Java\jre1.8.0_77\bin\java.dll
0x0000000068750000 - 0x0000000068766000 	C:\Program Files\Java\jre1.8.0_77\bin\zip.dll
0x000007fefdc20000 - 0x000007fefe9ab000 	C:\Windows\system32\SHELL32.dll
0x000007fefd8e0000 - 0x000007fefdadc000 	C:\Windows\system32\ole32.dll
0x000007fefd1a0000 - 0x000007fefd1af000 	C:\Windows\system32\profapi.dll
0x000007fefcfe0000 - 0x000007fefd037000 	C:\Windows\system32\apphelp.dll

VM Arguments:
jvm_args: -Xmx384m -Dsun.io.useCanonCaches=false -Duser.language=en -Duser.region=US -Djava.util.Arrays.useLegacyMergeSort=true -Dapplication.home=C:\Users\Sudo\AppData\Local\FlashDevelop\Apps\flexairsdk\4.6.0+21.0.0 
java_command: C:\Users\Sudo\AppData\Local\FlashDevelop\Apps\flexairsdk\4.6.0+21.0.0\lib\fcsh.jar
java_class_path (initial): C:\Users\Sudo\AppData\Local\FlashDevelop\Apps\flexairsdk\4.6.0+21.0.0\lib\fcsh.jar
Launcher Type: SUN_STANDARD

Environment Variables:
PATH=C:\Program Files (x86)\NVIDIA Corporation\PhysX\Common;C:\ProgramData\Oracle\Java\javapath;C:\Program Files (x86)\Intel\iCLS Client\;C:\Program Files\Intel\iCLS Client\;C:\Windows\system32;C:\Windows;C:\Windows\System32\Wbem;C:\Windows\System32\WindowsPowerShell\v1.0\;C:\Program Files\Intel\Intel(R) Management Engine Components\DAL;C:\Program Files\Intel\Intel(R) Management Engine Components\IPT;C:\Program Files (x86)\Intel\Intel(R) Management Engine Components\DAL;C:\Program Files (x86)\Intel\Intel(R) Management Engine Components\IPT;C:\Program Files (x86)\Intel\OpenCL SDK\3.0\bin\x86;C:\Program Files (x86)\Intel\OpenCL SDK\3.0\bin\x64;C:\Program Files\Intel\WiFi\bin\;C:\Program Files\Common Files\Intel\WirelessCommon\;C:\Program Files (x86)\Common Files\Lenovo;C:\Program Files (x86)\Common Files\lenovo\easyplussdk\bin;C:\ProgramData\Lenovo\ReadyApps;C:\Program Files (x86)\GtkSharp\2.12\bin;C:\Program Files (x86)\OpenVPN\bin;C:\WinGW;C:\Program Files\LLVM;C:\Program Files (x86)\FlashDevelop\Tools\AppMan;C:\Program Files (x86)\FlashDevelop
USERNAME=Sudo
OS=Windows_NT
PROCESSOR_IDENTIFIER=Intel64 Family 6 Model 60 Stepping 3, GenuineIntel



---------------  S Y S T E M  ---------------

OS: Windows 7 , 64 bit Build 7601 (6.1.7601.23807)

CPU:total 4 (2 cores per cpu, 2 threads per core) family 6 model 60 stepping 3, cmov, cx8, fxsr, mmx, sse, sse2, sse3, ssse3, sse4.1, sse4.2, popcnt, avx, avx2, aes, clmul, erms, lzcnt, ht, tsc, tscinvbit, bmi1, bmi2

Memory: 4k page, physical 3901924k(418012k free), swap 4452788k(6036k free)

vm_info: Java HotSpot(TM) 64-Bit Server VM (25.77-b03) for windows-amd64 JRE (1.8.0_77-b03), built on Mar 20 2016 22:01:33 by "java_re" with MS VC++ 10.0 (VS2010)

time: Sat Jul 08 14:04:57 2017
elapsed time: 3 seconds (0d 0h 0m 3s)

